This file contains any messages produced by compilers while
running configure, to aid debugging if configure makes a mistake.

It was created by tmux configure 1.7, which was
generated by GNU Autoconf 2.68.  Invocation command line was

  $ ./configure 

## --------- ##
## Platform. ##
## --------- ##

hostname = devkao
uname -m = x86_64
uname -r = 3.11.0-19-generic
uname -s = Linux
uname -v = #33~precise1-Ubuntu SMP Wed Mar 12 21:16:27 UTC 2014

/usr/bin/uname -p = unknown
/bin/uname -X     = unknown

/bin/arch              = unknown
/usr/bin/arch -k       = unknown
/usr/convex/getsysinfo = unknown
/usr/bin/hostinfo      = unknown
/bin/machine           = unknown
/usr/bin/oslevel       = unknown
/bin/universe          = unknown

PATH: /home/kao/bin
PATH: /home/kao/ans/boxer/bin
PATH: /home/kao/ans/venv/scala/scala/bin
PATH: /home/kao/ans/venv/java/jdk/bin
PATH: /home/kao/ans/venv/bin
PATH: /home/kao/ans/bin
PATH: /home/kao/bin
PATH: /home/kao/ans/boxer/bin
PATH: /home/kao/ans/venv/scala/scala/bin
PATH: /home/kao/ans/venv/java/jdk/bin
PATH: /home/kao/ans/venv/bin
PATH: /home/kao/ans/bin
PATH: /usr/local/sbin
PATH: /usr/local/bin
PATH: /usr/sbin
PATH: /usr/bin
PATH: /sbin
PATH: /bin
PATH: /usr/games
PATH: /usr/local/bin
PATH: /usr/local/sbin
PATH: /usr/sbin
PATH: /sbin
PATH: /usr/local/bin
PATH: /usr/local/sbin
PATH: /usr/sbin
PATH: /sbin


## ----------- ##
## Core tests. ##
## ----------- ##

configure:2297: checking for a BSD-compatible install
configure:2365: result: /usr/bin/install -c
configure:2376: checking whether build environment is sane
configure:2426: result: yes
configure:2567: checking for a thread-safe mkdir -p
configure:2606: result: /bin/mkdir -p
configure:2619: checking for gawk
configure:2649: result: no
configure:2619: checking for mawk
configure:2635: found /usr/bin/mawk
configure:2646: result: mawk
configure:2657: checking whether make sets $(MAKE)
configure:2679: result: yes
configure:2764: checking build system type
configure:2778: result: x86_64-unknown-linux-gnu
configure:2798: checking host system type
configure:2811: result: x86_64-unknown-linux-gnu
configure:2886: checking for gcc
configure:2902: found /usr/bin/gcc
configure:2913: result: gcc
configure:3142: checking for C compiler version
configure:3151: gcc --version >&5
gcc (GCC) 4.8.2
Copyright (C) 2013 Free Software Foundation, Inc.
This is free software; see the source for copying conditions.  There is NO
warranty; not even for MERCHANTABILITY or FITNESS FOR A PARTICULAR PURPOSE.

configure:3162: $? = 0
configure:3151: gcc -v >&5
Using built-in specs.
COLLECT_GCC=gcc
COLLECT_LTO_WRAPPER=/usr/lib/gcc/x86_64-linux-gnu/4.8.2/lto-wrapper
Target: x86_64-linux-gnu
Configured with: ../configure -v --enable-languages=c,c++ --prefix=/usr --program-suffix=-4.8 --enable-shared --libexecdir=/usr/lib --without-included-gettext --enable-threads=posix --with-gxx-include-dir=/usr/include/c++/4.8 --libdir=/usr/lib --enable-nls --enable-clocale=gnu --enable-libstdcxx-debug --enable-libstdcxx-time --enable-gnu-unique-object --with-tune=generic --enable-checking=release --build=x86_64-linux-gnu --host=x86_64-linux-gnu --target=x86_64-linux-gnu
Thread model: posix
gcc version 4.8.2 (GCC) 
configure:3162: $? = 0
configure:3151: gcc -V >&5
gcc: error: unrecognized command line option '-V'
gcc: fatal error: no input files
compilation terminated.
configure:3162: $? = 1
configure:3151: gcc -qversion >&5
gcc: error: unrecognized command line option '-qversion'
gcc: fatal error: no input files
compilation terminated.
configure:3162: $? = 1
configure:3182: checking whether the C compiler works
configure:3204: gcc    conftest.c  >&5
configure:3208: $? = 0
configure:3256: result: yes
configure:3259: checking for C compiler default output file name
configure:3261: result: a.out
configure:3267: checking for suffix of executables
configure:3274: gcc -o conftest    conftest.c  >&5
configure:3278: $? = 0
configure:3300: result: 
configure:3322: checking whether we are cross compiling
configure:3330: gcc -o conftest    conftest.c  >&5
configure:3334: $? = 0
configure:3341: ./conftest
configure:3345: $? = 0
configure:3360: result: no
configure:3365: checking for suffix of object files
configure:3387: gcc -c   conftest.c >&5
configure:3391: $? = 0
configure:3412: result: o
configure:3416: checking whether we are using the GNU C compiler
configure:3435: gcc -c   conftest.c >&5
configure:3435: $? = 0
configure:3444: result: yes
configure:3453: checking whether gcc accepts -g
configure:3473: gcc -c -g  conftest.c >&5
configure:3473: $? = 0
configure:3514: result: yes
configure:3531: checking for gcc option to accept ISO C89
configure:3595: gcc  -c   conftest.c >&5
configure:3595: $? = 0
configure:3608: result: none needed
configure:3639: checking for style of include used by make
configure:3667: result: GNU
configure:3693: checking dependency style of gcc
configure:3804: result: gcc3
configure:3820: checking whether gcc and cc understand -c and -o together
configure:3851: gcc -c conftest.c -o conftest2.o >&5
configure:3855: $? = 0
configure:3861: gcc -c conftest.c -o conftest2.o >&5
configure:3865: $? = 0
configure:3876: cc -c conftest.c >&5
configure:3880: $? = 0
configure:3888: cc -c conftest.c -o conftest2.o >&5
configure:3892: $? = 0
configure:3898: cc -c conftest.c -o conftest2.o >&5
configure:3902: $? = 0
configure:3920: result: yes
configure:3954: checking how to run the C preprocessor
configure:3985: gcc -E  conftest.c
configure:3985: $? = 0
configure:3999: gcc -E  conftest.c
conftest.c:11:28: fatal error: ac_nonexistent.h: No such file or directory
 #include <ac_nonexistent.h>
                            ^
compilation terminated.
configure:3999: $? = 1
configure: failed program was:
| /* confdefs.h */
| #define PACKAGE_NAME "tmux"
| #define PACKAGE_TARNAME "tmux"
| #define PACKAGE_VERSION "1.7"
| #define PACKAGE_STRING "tmux 1.7"
| #define PACKAGE_BUGREPORT ""
| #define PACKAGE_URL ""
| #define PACKAGE "tmux"
| #define VERSION "1.7"
| /* end confdefs.h.  */
| #include <ac_nonexistent.h>
configure:4024: result: gcc -E
configure:4044: gcc -E  conftest.c
configure:4044: $? = 0
configure:4058: gcc -E  conftest.c
conftest.c:11:28: fatal error: ac_nonexistent.h: No such file or directory
 #include <ac_nonexistent.h>
                            ^
compilation terminated.
configure:4058: $? = 1
configure: failed program was:
| /* confdefs.h */
| #define PACKAGE_NAME "tmux"
| #define PACKAGE_TARNAME "tmux"
| #define PACKAGE_VERSION "1.7"
| #define PACKAGE_STRING "tmux 1.7"
| #define PACKAGE_BUGREPORT ""
| #define PACKAGE_URL ""
| #define PACKAGE "tmux"
| #define VERSION "1.7"
| /* end confdefs.h.  */
| #include <ac_nonexistent.h>
configure:4087: checking for grep that handles long lines and -e
configure:4145: result: /bin/grep
configure:4150: checking for egrep
configure:4212: result: /bin/grep -E
configure:4217: checking for ANSI C header files
configure:4237: gcc -c   conftest.c >&5
configure:4237: $? = 0
configure:4310: gcc -o conftest    conftest.c  >&5
configure:4310: $? = 0
configure:4310: ./conftest
configure:4310: $? = 0
configure:4321: result: yes
configure:4334: checking for sys/types.h
configure:4334: gcc -c   conftest.c >&5
configure:4334: $? = 0
configure:4334: result: yes
configure:4334: checking for sys/stat.h
configure:4334: gcc -c   conftest.c >&5
configure:4334: $? = 0
configure:4334: result: yes
configure:4334: checking for stdlib.h
configure:4334: gcc -c   conftest.c >&5
configure:4334: $? = 0
configure:4334: result: yes
configure:4334: checking for string.h
configure:4334: gcc -c   conftest.c >&5
configure:4334: $? = 0
configure:4334: result: yes
configure:4334: checking for memory.h
configure:4334: gcc -c   conftest.c >&5
configure:4334: $? = 0
configure:4334: result: yes
configure:4334: checking for strings.h
configure:4334: gcc -c   conftest.c >&5
configure:4334: $? = 0
configure:4334: result: yes
configure:4334: checking for inttypes.h
configure:4334: gcc -c   conftest.c >&5
configure:4334: $? = 0
configure:4334: result: yes
configure:4334: checking for stdint.h
configure:4334: gcc -c   conftest.c >&5
configure:4334: $? = 0
configure:4334: result: yes
configure:4334: checking for unistd.h
configure:4334: gcc -c   conftest.c >&5
configure:4334: $? = 0
configure:4334: result: yes
configure:4367: checking bitstring.h usability
configure:4367: gcc -c   conftest.c >&5
conftest.c:54:23: fatal error: bitstring.h: No such file or directory
 #include <bitstring.h>
                       ^
compilation terminated.
configure:4367: $? = 1
configure: failed program was:
| /* confdefs.h */
| #define PACKAGE_NAME "tmux"
| #define PACKAGE_TARNAME "tmux"
| #define PACKAGE_VERSION "1.7"
| #define PACKAGE_STRING "tmux 1.7"
| #define PACKAGE_BUGREPORT ""
| #define PACKAGE_URL ""
| #define PACKAGE "tmux"
| #define VERSION "1.7"
| #define STDC_HEADERS 1
| #define HAVE_SYS_TYPES_H 1
| #define HAVE_SYS_STAT_H 1
| #define HAVE_STDLIB_H 1
| #define HAVE_STRING_H 1
| #define HAVE_MEMORY_H 1
| #define HAVE_STRINGS_H 1
| #define HAVE_INTTYPES_H 1
| #define HAVE_STDINT_H 1
| #define HAVE_UNISTD_H 1
| /* end confdefs.h.  */
| #include <stdio.h>
| #ifdef HAVE_SYS_TYPES_H
| # include <sys/types.h>
| #endif
| #ifdef HAVE_SYS_STAT_H
| # include <sys/stat.h>
| #endif
| #ifdef STDC_HEADERS
| # include <stdlib.h>
| # include <stddef.h>
| #else
| # ifdef HAVE_STDLIB_H
| #  include <stdlib.h>
| # endif
| #endif
| #ifdef HAVE_STRING_H
| # if !defined STDC_HEADERS && defined HAVE_MEMORY_H
| #  include <memory.h>
| # endif
| # include <string.h>
| #endif
| #ifdef HAVE_STRINGS_H
| # include <strings.h>
| #endif
| #ifdef HAVE_INTTYPES_H
| # include <inttypes.h>
| #endif
| #ifdef HAVE_STDINT_H
| # include <stdint.h>
| #endif
| #ifdef HAVE_UNISTD_H
| # include <unistd.h>
| #endif
| #include <bitstring.h>
configure:4367: result: no
configure:4367: checking bitstring.h presence
configure:4367: gcc -E  conftest.c
conftest.c:21:23: fatal error: bitstring.h: No such file or directory
 #include <bitstring.h>
                       ^
compilation terminated.
configure:4367: $? = 1
configure: failed program was:
| /* confdefs.h */
| #define PACKAGE_NAME "tmux"
| #define PACKAGE_TARNAME "tmux"
| #define PACKAGE_VERSION "1.7"
| #define PACKAGE_STRING "tmux 1.7"
| #define PACKAGE_BUGREPORT ""
| #define PACKAGE_URL ""
| #define PACKAGE "tmux"
| #define VERSION "1.7"
| #define STDC_HEADERS 1
| #define HAVE_SYS_TYPES_H 1
| #define HAVE_SYS_STAT_H 1
| #define HAVE_STDLIB_H 1
| #define HAVE_STRING_H 1
| #define HAVE_MEMORY_H 1
| #define HAVE_STRINGS_H 1
| #define HAVE_INTTYPES_H 1
| #define HAVE_STDINT_H 1
| #define HAVE_UNISTD_H 1
| /* end confdefs.h.  */
| #include <bitstring.h>
configure:4367: result: no
configure:4367: checking for bitstring.h
configure:4367: result: no
configure:4367: checking curses.h usability
configure:4367: gcc -c   conftest.c >&5
configure:4367: $? = 0
configure:4367: result: yes
configure:4367: checking curses.h presence
configure:4367: gcc -E  conftest.c
configure:4367: $? = 0
configure:4367: result: yes
configure:4367: checking for curses.h
configure:4367: result: yes
configure:4367: checking dirent.h usability
configure:4367: gcc -c   conftest.c >&5
configure:4367: $? = 0
configure:4367: result: yes
configure:4367: checking dirent.h presence
configure:4367: gcc -E  conftest.c
configure:4367: $? = 0
configure:4367: result: yes
configure:4367: checking for dirent.h
configure:4367: result: yes
configure:4367: checking fcntl.h usability
configure:4367: gcc -c   conftest.c >&5
configure:4367: $? = 0
configure:4367: result: yes
configure:4367: checking fcntl.h presence
configure:4367: gcc -E  conftest.c
configure:4367: $? = 0
configure:4367: result: yes
configure:4367: checking for fcntl.h
configure:4367: result: yes
configure:4367: checking for inttypes.h
configure:4367: result: yes
configure:4367: checking libutil.h usability
configure:4367: gcc -c   conftest.c >&5
conftest.c:58:21: fatal error: libutil.h: No such file or directory
 #include <libutil.h>
                     ^
compilation terminated.
configure:4367: $? = 1
configure: failed program was:
| /* confdefs.h */
| #define PACKAGE_NAME "tmux"
| #define PACKAGE_TARNAME "tmux"
| #define PACKAGE_VERSION "1.7"
| #define PACKAGE_STRING "tmux 1.7"
| #define PACKAGE_BUGREPORT ""
| #define PACKAGE_URL ""
| #define PACKAGE "tmux"
| #define VERSION "1.7"
| #define STDC_HEADERS 1
| #define HAVE_SYS_TYPES_H 1
| #define HAVE_SYS_STAT_H 1
| #define HAVE_STDLIB_H 1
| #define HAVE_STRING_H 1
| #define HAVE_MEMORY_H 1
| #define HAVE_STRINGS_H 1
| #define HAVE_INTTYPES_H 1
| #define HAVE_STDINT_H 1
| #define HAVE_UNISTD_H 1
| #define HAVE_CURSES_H 1
| #define HAVE_DIRENT_H 1
| #define HAVE_FCNTL_H 1
| #define HAVE_INTTYPES_H 1
| /* end confdefs.h.  */
| #include <stdio.h>
| #ifdef HAVE_SYS_TYPES_H
| # include <sys/types.h>
| #endif
| #ifdef HAVE_SYS_STAT_H
| # include <sys/stat.h>
| #endif
| #ifdef STDC_HEADERS
| # include <stdlib.h>
| # include <stddef.h>
| #else
| # ifdef HAVE_STDLIB_H
| #  include <stdlib.h>
| # endif
| #endif
| #ifdef HAVE_STRING_H
| # if !defined STDC_HEADERS && defined HAVE_MEMORY_H
| #  include <memory.h>
| # endif
| # include <string.h>
| #endif
| #ifdef HAVE_STRINGS_H
| # include <strings.h>
| #endif
| #ifdef HAVE_INTTYPES_H
| # include <inttypes.h>
| #endif
| #ifdef HAVE_STDINT_H
| # include <stdint.h>
| #endif
| #ifdef HAVE_UNISTD_H
| # include <unistd.h>
| #endif
| #include <libutil.h>
configure:4367: result: no
configure:4367: checking libutil.h presence
configure:4367: gcc -E  conftest.c
conftest.c:25:21: fatal error: libutil.h: No such file or directory
 #include <libutil.h>
                     ^
compilation terminated.
configure:4367: $? = 1
configure: failed program was:
| /* confdefs.h */
| #define PACKAGE_NAME "tmux"
| #define PACKAGE_TARNAME "tmux"
| #define PACKAGE_VERSION "1.7"
| #define PACKAGE_STRING "tmux 1.7"
| #define PACKAGE_BUGREPORT ""
| #define PACKAGE_URL ""
| #define PACKAGE "tmux"
| #define VERSION "1.7"
| #define STDC_HEADERS 1
| #define HAVE_SYS_TYPES_H 1
| #define HAVE_SYS_STAT_H 1
| #define HAVE_STDLIB_H 1
| #define HAVE_STRING_H 1
| #define HAVE_MEMORY_H 1
| #define HAVE_STRINGS_H 1
| #define HAVE_INTTYPES_H 1
| #define HAVE_STDINT_H 1
| #define HAVE_UNISTD_H 1
| #define HAVE_CURSES_H 1
| #define HAVE_DIRENT_H 1
| #define HAVE_FCNTL_H 1
| #define HAVE_INTTYPES_H 1
| /* end confdefs.h.  */
| #include <libutil.h>
configure:4367: result: no
configure:4367: checking for libutil.h
configure:4367: result: no
configure:4367: checking ncurses.h usability
configure:4367: gcc -c   conftest.c >&5
configure:4367: $? = 0
configure:4367: result: yes
configure:4367: checking ncurses.h presence
configure:4367: gcc -E  conftest.c
configure:4367: $? = 0
configure:4367: result: yes
configure:4367: checking for ncurses.h
configure:4367: result: yes
configure:4367: checking ndir.h usability
configure:4367: gcc -c   conftest.c >&5
conftest.c:59:18: fatal error: ndir.h: No such file or directory
 #include <ndir.h>
                  ^
compilation terminated.
configure:4367: $? = 1
configure: failed program was:
| /* confdefs.h */
| #define PACKAGE_NAME "tmux"
| #define PACKAGE_TARNAME "tmux"
| #define PACKAGE_VERSION "1.7"
| #define PACKAGE_STRING "tmux 1.7"
| #define PACKAGE_BUGREPORT ""
| #define PACKAGE_URL ""
| #define PACKAGE "tmux"
| #define VERSION "1.7"
| #define STDC_HEADERS 1
| #define HAVE_SYS_TYPES_H 1
| #define HAVE_SYS_STAT_H 1
| #define HAVE_STDLIB_H 1
| #define HAVE_STRING_H 1
| #define HAVE_MEMORY_H 1
| #define HAVE_STRINGS_H 1
| #define HAVE_INTTYPES_H 1
| #define HAVE_STDINT_H 1
| #define HAVE_UNISTD_H 1
| #define HAVE_CURSES_H 1
| #define HAVE_DIRENT_H 1
| #define HAVE_FCNTL_H 1
| #define HAVE_INTTYPES_H 1
| #define HAVE_NCURSES_H 1
| /* end confdefs.h.  */
| #include <stdio.h>
| #ifdef HAVE_SYS_TYPES_H
| # include <sys/types.h>
| #endif
| #ifdef HAVE_SYS_STAT_H
| # include <sys/stat.h>
| #endif
| #ifdef STDC_HEADERS
| # include <stdlib.h>
| # include <stddef.h>
| #else
| # ifdef HAVE_STDLIB_H
| #  include <stdlib.h>
| # endif
| #endif
| #ifdef HAVE_STRING_H
| # if !defined STDC_HEADERS && defined HAVE_MEMORY_H
| #  include <memory.h>
| # endif
| # include <string.h>
| #endif
| #ifdef HAVE_STRINGS_H
| # include <strings.h>
| #endif
| #ifdef HAVE_INTTYPES_H
| # include <inttypes.h>
| #endif
| #ifdef HAVE_STDINT_H
| # include <stdint.h>
| #endif
| #ifdef HAVE_UNISTD_H
| # include <unistd.h>
| #endif
| #include <ndir.h>
configure:4367: result: no
configure:4367: checking ndir.h presence
configure:4367: gcc -E  conftest.c
conftest.c:26:18: fatal error: ndir.h: No such file or directory
 #include <ndir.h>
                  ^
compilation terminated.
configure:4367: $? = 1
configure: failed program was:
| /* confdefs.h */
| #define PACKAGE_NAME "tmux"
| #define PACKAGE_TARNAME "tmux"
| #define PACKAGE_VERSION "1.7"
| #define PACKAGE_STRING "tmux 1.7"
| #define PACKAGE_BUGREPORT ""
| #define PACKAGE_URL ""
| #define PACKAGE "tmux"
| #define VERSION "1.7"
| #define STDC_HEADERS 1
| #define HAVE_SYS_TYPES_H 1
| #define HAVE_SYS_STAT_H 1
| #define HAVE_STDLIB_H 1
| #define HAVE_STRING_H 1
| #define HAVE_MEMORY_H 1
| #define HAVE_STRINGS_H 1
| #define HAVE_INTTYPES_H 1
| #define HAVE_STDINT_H 1
| #define HAVE_UNISTD_H 1
| #define HAVE_CURSES_H 1
| #define HAVE_DIRENT_H 1
| #define HAVE_FCNTL_H 1
| #define HAVE_INTTYPES_H 1
| #define HAVE_NCURSES_H 1
| /* end confdefs.h.  */
| #include <ndir.h>
configure:4367: result: no
configure:4367: checking for ndir.h
configure:4367: result: no
configure:4367: checking paths.h usability
configure:4367: gcc -c   conftest.c >&5
configure:4367: $? = 0
configure:4367: result: yes
configure:4367: checking paths.h presence
configure:4367: gcc -E  conftest.c
configure:4367: $? = 0
configure:4367: result: yes
configure:4367: checking for paths.h
configure:4367: result: yes
configure:4367: checking pty.h usability
configure:4367: gcc -c   conftest.c >&5
configure:4367: $? = 0
configure:4367: result: yes
configure:4367: checking pty.h presence
configure:4367: gcc -E  conftest.c
configure:4367: $? = 0
configure:4367: result: yes
configure:4367: checking for pty.h
configure:4367: result: yes
configure:4367: checking for stdint.h
configure:4367: result: yes
configure:4367: checking sys/dir.h usability
configure:4367: gcc -c   conftest.c >&5
configure:4367: $? = 0
configure:4367: result: yes
configure:4367: checking sys/dir.h presence
configure:4367: gcc -E  conftest.c
configure:4367: $? = 0
configure:4367: result: yes
configure:4367: checking for sys/dir.h
configure:4367: result: yes
configure:4367: checking sys/ndir.h usability
configure:4367: gcc -c   conftest.c >&5
conftest.c:63:22: fatal error: sys/ndir.h: No such file or directory
 #include <sys/ndir.h>
                      ^
compilation terminated.
configure:4367: $? = 1
configure: failed program was:
| /* confdefs.h */
| #define PACKAGE_NAME "tmux"
| #define PACKAGE_TARNAME "tmux"
| #define PACKAGE_VERSION "1.7"
| #define PACKAGE_STRING "tmux 1.7"
| #define PACKAGE_BUGREPORT ""
| #define PACKAGE_URL ""
| #define PACKAGE "tmux"
| #define VERSION "1.7"
| #define STDC_HEADERS 1
| #define HAVE_SYS_TYPES_H 1
| #define HAVE_SYS_STAT_H 1
| #define HAVE_STDLIB_H 1
| #define HAVE_STRING_H 1
| #define HAVE_MEMORY_H 1
| #define HAVE_STRINGS_H 1
| #define HAVE_INTTYPES_H 1
| #define HAVE_STDINT_H 1
| #define HAVE_UNISTD_H 1
| #define HAVE_CURSES_H 1
| #define HAVE_DIRENT_H 1
| #define HAVE_FCNTL_H 1
| #define HAVE_INTTYPES_H 1
| #define HAVE_NCURSES_H 1
| #define HAVE_PATHS_H 1
| #define HAVE_PTY_H 1
| #define HAVE_STDINT_H 1
| #define HAVE_SYS_DIR_H 1
| /* end confdefs.h.  */
| #include <stdio.h>
| #ifdef HAVE_SYS_TYPES_H
| # include <sys/types.h>
| #endif
| #ifdef HAVE_SYS_STAT_H
| # include <sys/stat.h>
| #endif
| #ifdef STDC_HEADERS
| # include <stdlib.h>
| # include <stddef.h>
| #else
| # ifdef HAVE_STDLIB_H
| #  include <stdlib.h>
| # endif
| #endif
| #ifdef HAVE_STRING_H
| # if !defined STDC_HEADERS && defined HAVE_MEMORY_H
| #  include <memory.h>
| # endif
| # include <string.h>
| #endif
| #ifdef HAVE_STRINGS_H
| # include <strings.h>
| #endif
| #ifdef HAVE_INTTYPES_H
| # include <inttypes.h>
| #endif
| #ifdef HAVE_STDINT_H
| # include <stdint.h>
| #endif
| #ifdef HAVE_UNISTD_H
| # include <unistd.h>
| #endif
| #include <sys/ndir.h>
configure:4367: result: no
configure:4367: checking sys/ndir.h presence
configure:4367: gcc -E  conftest.c
conftest.c:30:22: fatal error: sys/ndir.h: No such file or directory
 #include <sys/ndir.h>
                      ^
compilation terminated.
configure:4367: $? = 1
configure: failed program was:
| /* confdefs.h */
| #define PACKAGE_NAME "tmux"
| #define PACKAGE_TARNAME "tmux"
| #define PACKAGE_VERSION "1.7"
| #define PACKAGE_STRING "tmux 1.7"
| #define PACKAGE_BUGREPORT ""
| #define PACKAGE_URL ""
| #define PACKAGE "tmux"
| #define VERSION "1.7"
| #define STDC_HEADERS 1
| #define HAVE_SYS_TYPES_H 1
| #define HAVE_SYS_STAT_H 1
| #define HAVE_STDLIB_H 1
| #define HAVE_STRING_H 1
| #define HAVE_MEMORY_H 1
| #define HAVE_STRINGS_H 1
| #define HAVE_INTTYPES_H 1
| #define HAVE_STDINT_H 1
| #define HAVE_UNISTD_H 1
| #define HAVE_CURSES_H 1
| #define HAVE_DIRENT_H 1
| #define HAVE_FCNTL_H 1
| #define HAVE_INTTYPES_H 1
| #define HAVE_NCURSES_H 1
| #define HAVE_PATHS_H 1
| #define HAVE_PTY_H 1
| #define HAVE_STDINT_H 1
| #define HAVE_SYS_DIR_H 1
| /* end confdefs.h.  */
| #include <sys/ndir.h>
configure:4367: result: no
configure:4367: checking for sys/ndir.h
configure:4367: result: no
configure:4367: checking sys/tree.h usability
configure:4367: gcc -c   conftest.c >&5
conftest.c:63:22: fatal error: sys/tree.h: No such file or directory
 #include <sys/tree.h>
                      ^
compilation terminated.
configure:4367: $? = 1
configure: failed program was:
| /* confdefs.h */
| #define PACKAGE_NAME "tmux"
| #define PACKAGE_TARNAME "tmux"
| #define PACKAGE_VERSION "1.7"
| #define PACKAGE_STRING "tmux 1.7"
| #define PACKAGE_BUGREPORT ""
| #define PACKAGE_URL ""
| #define PACKAGE "tmux"
| #define VERSION "1.7"
| #define STDC_HEADERS 1
| #define HAVE_SYS_TYPES_H 1
| #define HAVE_SYS_STAT_H 1
| #define HAVE_STDLIB_H 1
| #define HAVE_STRING_H 1
| #define HAVE_MEMORY_H 1
| #define HAVE_STRINGS_H 1
| #define HAVE_INTTYPES_H 1
| #define HAVE_STDINT_H 1
| #define HAVE_UNISTD_H 1
| #define HAVE_CURSES_H 1
| #define HAVE_DIRENT_H 1
| #define HAVE_FCNTL_H 1
| #define HAVE_INTTYPES_H 1
| #define HAVE_NCURSES_H 1
| #define HAVE_PATHS_H 1
| #define HAVE_PTY_H 1
| #define HAVE_STDINT_H 1
| #define HAVE_SYS_DIR_H 1
| /* end confdefs.h.  */
| #include <stdio.h>
| #ifdef HAVE_SYS_TYPES_H
| # include <sys/types.h>
| #endif
| #ifdef HAVE_SYS_STAT_H
| # include <sys/stat.h>
| #endif
| #ifdef STDC_HEADERS
| # include <stdlib.h>
| # include <stddef.h>
| #else
| # ifdef HAVE_STDLIB_H
| #  include <stdlib.h>
| # endif
| #endif
| #ifdef HAVE_STRING_H
| # if !defined STDC_HEADERS && defined HAVE_MEMORY_H
| #  include <memory.h>
| # endif
| # include <string.h>
| #endif
| #ifdef HAVE_STRINGS_H
| # include <strings.h>
| #endif
| #ifdef HAVE_INTTYPES_H
| # include <inttypes.h>
| #endif
| #ifdef HAVE_STDINT_H
| # include <stdint.h>
| #endif
| #ifdef HAVE_UNISTD_H
| # include <unistd.h>
| #endif
| #include <sys/tree.h>
configure:4367: result: no
configure:4367: checking sys/tree.h presence
configure:4367: gcc -E  conftest.c
conftest.c:30:22: fatal error: sys/tree.h: No such file or directory
 #include <sys/tree.h>
                      ^
compilation terminated.
configure:4367: $? = 1
configure: failed program was:
| /* confdefs.h */
| #define PACKAGE_NAME "tmux"
| #define PACKAGE_TARNAME "tmux"
| #define PACKAGE_VERSION "1.7"
| #define PACKAGE_STRING "tmux 1.7"
| #define PACKAGE_BUGREPORT ""
| #define PACKAGE_URL ""
| #define PACKAGE "tmux"
| #define VERSION "1.7"
| #define STDC_HEADERS 1
| #define HAVE_SYS_TYPES_H 1
| #define HAVE_SYS_STAT_H 1
| #define HAVE_STDLIB_H 1
| #define HAVE_STRING_H 1
| #define HAVE_MEMORY_H 1
| #define HAVE_STRINGS_H 1
| #define HAVE_INTTYPES_H 1
| #define HAVE_STDINT_H 1
| #define HAVE_UNISTD_H 1
| #define HAVE_CURSES_H 1
| #define HAVE_DIRENT_H 1
| #define HAVE_FCNTL_H 1
| #define HAVE_INTTYPES_H 1
| #define HAVE_NCURSES_H 1
| #define HAVE_PATHS_H 1
| #define HAVE_PTY_H 1
| #define HAVE_STDINT_H 1
| #define HAVE_SYS_DIR_H 1
| /* end confdefs.h.  */
| #include <sys/tree.h>
configure:4367: result: no
configure:4367: checking for sys/tree.h
configure:4367: result: no
configure:4367: checking term.h usability
configure:4367: gcc -c   conftest.c >&5
configure:4367: $? = 0
configure:4367: result: yes
configure:4367: checking term.h presence
configure:4367: gcc -E  conftest.c
configure:4367: $? = 0
configure:4367: result: yes
configure:4367: checking for term.h
configure:4367: result: yes
configure:4367: checking util.h usability
configure:4367: gcc -c   conftest.c >&5
conftest.c:64:18: fatal error: util.h: No such file or directory
 #include <util.h>
                  ^
compilation terminated.
configure:4367: $? = 1
configure: failed program was:
| /* confdefs.h */
| #define PACKAGE_NAME "tmux"
| #define PACKAGE_TARNAME "tmux"
| #define PACKAGE_VERSION "1.7"
| #define PACKAGE_STRING "tmux 1.7"
| #define PACKAGE_BUGREPORT ""
| #define PACKAGE_URL ""
| #define PACKAGE "tmux"
| #define VERSION "1.7"
| #define STDC_HEADERS 1
| #define HAVE_SYS_TYPES_H 1
| #define HAVE_SYS_STAT_H 1
| #define HAVE_STDLIB_H 1
| #define HAVE_STRING_H 1
| #define HAVE_MEMORY_H 1
| #define HAVE_STRINGS_H 1
| #define HAVE_INTTYPES_H 1
| #define HAVE_STDINT_H 1
| #define HAVE_UNISTD_H 1
| #define HAVE_CURSES_H 1
| #define HAVE_DIRENT_H 1
| #define HAVE_FCNTL_H 1
| #define HAVE_INTTYPES_H 1
| #define HAVE_NCURSES_H 1
| #define HAVE_PATHS_H 1
| #define HAVE_PTY_H 1
| #define HAVE_STDINT_H 1
| #define HAVE_SYS_DIR_H 1
| #define HAVE_TERM_H 1
| /* end confdefs.h.  */
| #include <stdio.h>
| #ifdef HAVE_SYS_TYPES_H
| # include <sys/types.h>
| #endif
| #ifdef HAVE_SYS_STAT_H
| # include <sys/stat.h>
| #endif
| #ifdef STDC_HEADERS
| # include <stdlib.h>
| # include <stddef.h>
| #else
| # ifdef HAVE_STDLIB_H
| #  include <stdlib.h>
| # endif
| #endif
| #ifdef HAVE_STRING_H
| # if !defined STDC_HEADERS && defined HAVE_MEMORY_H
| #  include <memory.h>
| # endif
| # include <string.h>
| #endif
| #ifdef HAVE_STRINGS_H
| # include <strings.h>
| #endif
| #ifdef HAVE_INTTYPES_H
| # include <inttypes.h>
| #endif
| #ifdef HAVE_STDINT_H
| # include <stdint.h>
| #endif
| #ifdef HAVE_UNISTD_H
| # include <unistd.h>
| #endif
| #include <util.h>
configure:4367: result: no
configure:4367: checking util.h presence
configure:4367: gcc -E  conftest.c
conftest.c:31:18: fatal error: util.h: No such file or directory
 #include <util.h>
                  ^
compilation terminated.
configure:4367: $? = 1
configure: failed program was:
| /* confdefs.h */
| #define PACKAGE_NAME "tmux"
| #define PACKAGE_TARNAME "tmux"
| #define PACKAGE_VERSION "1.7"
| #define PACKAGE_STRING "tmux 1.7"
| #define PACKAGE_BUGREPORT ""
| #define PACKAGE_URL ""
| #define PACKAGE "tmux"
| #define VERSION "1.7"
| #define STDC_HEADERS 1
| #define HAVE_SYS_TYPES_H 1
| #define HAVE_SYS_STAT_H 1
| #define HAVE_STDLIB_H 1
| #define HAVE_STRING_H 1
| #define HAVE_MEMORY_H 1
| #define HAVE_STRINGS_H 1
| #define HAVE_INTTYPES_H 1
| #define HAVE_STDINT_H 1
| #define HAVE_UNISTD_H 1
| #define HAVE_CURSES_H 1
| #define HAVE_DIRENT_H 1
| #define HAVE_FCNTL_H 1
| #define HAVE_INTTYPES_H 1
| #define HAVE_NCURSES_H 1
| #define HAVE_PATHS_H 1
| #define HAVE_PTY_H 1
| #define HAVE_STDINT_H 1
| #define HAVE_SYS_DIR_H 1
| #define HAVE_TERM_H 1
| /* end confdefs.h.  */
| #include <util.h>
configure:4367: result: no
configure:4367: checking for util.h
configure:4367: result: no
configure:4412: checking for gcc that whines about -I
configure:4439: result: yes
configure:4470: checking for glibc
configure:4498: result: yes
configure:4502: checking for library containing clock_gettime
configure:4533: gcc -o conftest    conftest.c  >&5
/tmp/ccQqEaej.o: In function `main':
conftest.c:(.text+0xa): undefined reference to `clock_gettime'
collect2: error: ld returned 1 exit status
configure:4533: $? = 1
configure: failed program was:
| /* confdefs.h */
| #define PACKAGE_NAME "tmux"
| #define PACKAGE_TARNAME "tmux"
| #define PACKAGE_VERSION "1.7"
| #define PACKAGE_STRING "tmux 1.7"
| #define PACKAGE_BUGREPORT ""
| #define PACKAGE_URL ""
| #define PACKAGE "tmux"
| #define VERSION "1.7"
| #define STDC_HEADERS 1
| #define HAVE_SYS_TYPES_H 1
| #define HAVE_SYS_STAT_H 1
| #define HAVE_STDLIB_H 1
| #define HAVE_STRING_H 1
| #define HAVE_MEMORY_H 1
| #define HAVE_STRINGS_H 1
| #define HAVE_INTTYPES_H 1
| #define HAVE_STDINT_H 1
| #define HAVE_UNISTD_H 1
| #define HAVE_CURSES_H 1
| #define HAVE_DIRENT_H 1
| #define HAVE_FCNTL_H 1
| #define HAVE_INTTYPES_H 1
| #define HAVE_NCURSES_H 1
| #define HAVE_PATHS_H 1
| #define HAVE_PTY_H 1
| #define HAVE_STDINT_H 1
| #define HAVE_SYS_DIR_H 1
| #define HAVE_TERM_H 1
| /* end confdefs.h.  */
| 
| /* Override any GCC internal prototype to avoid an error.
|    Use char because int might match the return type of a GCC
|    builtin and then its argument prototype would still apply.  */
| #ifdef __cplusplus
| extern "C"
| #endif
| char clock_gettime ();
| int
| main ()
| {
| return clock_gettime ();
|   ;
|   return 0;
| }
configure:4533: gcc -o conftest    conftest.c -lrt   >&5
configure:4533: $? = 0
configure:4550: result: -lrt
configure:4614: checking for pkg-config
configure:4632: found /usr/bin/pkg-config
configure:4644: result: /usr/bin/pkg-config
configure:4669: checking pkg-config is at least version 0.9.0
configure:4672: result: yes
configure:4682: checking for LIBEVENT
configure:4689: $PKG_CONFIG --exists --print-errors "libevent"
configure:4692: $? = 0
configure:4706: $PKG_CONFIG --exists --print-errors "libevent"
configure:4709: $? = 0
configure:4869: result: yes
configure:4882: checking for library containing setupterm
configure:4913: gcc -o conftest      conftest.c -levent   -lrt  >&5
/tmp/ccFEl4OC.o: In function `main':
conftest.c:(.text+0xa): undefined reference to `setupterm'
collect2: error: ld returned 1 exit status
configure:4913: $? = 1
configure: failed program was:
| /* confdefs.h */
| #define PACKAGE_NAME "tmux"
| #define PACKAGE_TARNAME "tmux"
| #define PACKAGE_VERSION "1.7"
| #define PACKAGE_STRING "tmux 1.7"
| #define PACKAGE_BUGREPORT ""
| #define PACKAGE_URL ""
| #define PACKAGE "tmux"
| #define VERSION "1.7"
| #define STDC_HEADERS 1
| #define HAVE_SYS_TYPES_H 1
| #define HAVE_SYS_STAT_H 1
| #define HAVE_STDLIB_H 1
| #define HAVE_STRING_H 1
| #define HAVE_MEMORY_H 1
| #define HAVE_STRINGS_H 1
| #define HAVE_INTTYPES_H 1
| #define HAVE_STDINT_H 1
| #define HAVE_UNISTD_H 1
| #define HAVE_CURSES_H 1
| #define HAVE_DIRENT_H 1
| #define HAVE_FCNTL_H 1
| #define HAVE_INTTYPES_H 1
| #define HAVE_NCURSES_H 1
| #define HAVE_PATHS_H 1
| #define HAVE_PTY_H 1
| #define HAVE_STDINT_H 1
| #define HAVE_SYS_DIR_H 1
| #define HAVE_TERM_H 1
| /* end confdefs.h.  */
| 
| /* Override any GCC internal prototype to avoid an error.
|    Use char because int might match the return type of a GCC
|    builtin and then its argument prototype would still apply.  */
| #ifdef __cplusplus
| extern "C"
| #endif
| char setupterm ();
| int
| main ()
| {
| return setupterm ();
|   ;
|   return 0;
| }
configure:4913: gcc -o conftest      conftest.c -lterminfo  -levent   -lrt  >&5
/usr/bin/ld: cannot find -lterminfo
collect2: error: ld returned 1 exit status
configure:4913: $? = 1
configure: failed program was:
| /* confdefs.h */
| #define PACKAGE_NAME "tmux"
| #define PACKAGE_TARNAME "tmux"
| #define PACKAGE_VERSION "1.7"
| #define PACKAGE_STRING "tmux 1.7"
| #define PACKAGE_BUGREPORT ""
| #define PACKAGE_URL ""
| #define PACKAGE "tmux"
| #define VERSION "1.7"
| #define STDC_HEADERS 1
| #define HAVE_SYS_TYPES_H 1
| #define HAVE_SYS_STAT_H 1
| #define HAVE_STDLIB_H 1
| #define HAVE_STRING_H 1
| #define HAVE_MEMORY_H 1
| #define HAVE_STRINGS_H 1
| #define HAVE_INTTYPES_H 1
| #define HAVE_STDINT_H 1
| #define HAVE_UNISTD_H 1
| #define HAVE_CURSES_H 1
| #define HAVE_DIRENT_H 1
| #define HAVE_FCNTL_H 1
| #define HAVE_INTTYPES_H 1
| #define HAVE_NCURSES_H 1
| #define HAVE_PATHS_H 1
| #define HAVE_PTY_H 1
| #define HAVE_STDINT_H 1
| #define HAVE_SYS_DIR_H 1
| #define HAVE_TERM_H 1
| /* end confdefs.h.  */
| 
| /* Override any GCC internal prototype to avoid an error.
|    Use char because int might match the return type of a GCC
|    builtin and then its argument prototype would still apply.  */
| #ifdef __cplusplus
| extern "C"
| #endif
| char setupterm ();
| int
| main ()
| {
| return setupterm ();
|   ;
|   return 0;
| }
configure:4913: gcc -o conftest      conftest.c -lcurses  -levent   -lrt  >&5
configure:4913: $? = 0
configure:4930: result: -lcurses
configure:4946: checking for b64_ntop
configure:4963: gcc -o conftest      conftest.c -lcurses -levent   -lrt  >&5
/tmp/ccAwHYrY.o: In function `main':
conftest.c:(.text+0x19): undefined reference to `__b64_ntop'
collect2: error: ld returned 1 exit status
configure:4963: $? = 1
configure: failed program was:
| /* confdefs.h */
| #define PACKAGE_NAME "tmux"
| #define PACKAGE_TARNAME "tmux"
| #define PACKAGE_VERSION "1.7"
| #define PACKAGE_STRING "tmux 1.7"
| #define PACKAGE_BUGREPORT ""
| #define PACKAGE_URL ""
| #define PACKAGE "tmux"
| #define VERSION "1.7"
| #define STDC_HEADERS 1
| #define HAVE_SYS_TYPES_H 1
| #define HAVE_SYS_STAT_H 1
| #define HAVE_STDLIB_H 1
| #define HAVE_STRING_H 1
| #define HAVE_MEMORY_H 1
| #define HAVE_STRINGS_H 1
| #define HAVE_INTTYPES_H 1
| #define HAVE_STDINT_H 1
| #define HAVE_UNISTD_H 1
| #define HAVE_CURSES_H 1
| #define HAVE_DIRENT_H 1
| #define HAVE_FCNTL_H 1
| #define HAVE_INTTYPES_H 1
| #define HAVE_NCURSES_H 1
| #define HAVE_PATHS_H 1
| #define HAVE_PTY_H 1
| #define HAVE_STDINT_H 1
| #define HAVE_SYS_DIR_H 1
| #define HAVE_TERM_H 1
| /* end confdefs.h.  */
| 
| 		#include <sys/types.h>
| 		#include <netinet/in.h>
| 		#include <resolv.h>
| 
| int
| main ()
| {
| b64_ntop(NULL, 0, NULL, 0);
|   ;
|   return 0;
| }
configure:4972: result: no
configure:4975: checking for b64_ntop with -lresolv
configure:4993: gcc -o conftest      conftest.c -lcurses -levent   -lrt  -lresolv >&5
configure:4993: $? = 0
configure:5009: result: yes
configure:5022: checking for library containing inet_ntoa
configure:5053: gcc -o conftest      conftest.c -lcurses -levent   -lrt  -lresolv >&5
configure:5053: $? = 0
configure:5070: result: none required
configure:5078: checking for library containing socket
configure:5109: gcc -o conftest      conftest.c -lcurses -levent   -lrt  -lresolv >&5
configure:5109: $? = 0
configure:5126: result: none required
configure:5134: checking for socket in -lxnet
configure:5159: gcc -o conftest      conftest.c -lxnet  -lcurses -levent   -lrt  -lresolv >&5
/usr/bin/ld: cannot find -lxnet
collect2: error: ld returned 1 exit status
configure:5159: $? = 1
configure: failed program was:
| /* confdefs.h */
| #define PACKAGE_NAME "tmux"
| #define PACKAGE_TARNAME "tmux"
| #define PACKAGE_VERSION "1.7"
| #define PACKAGE_STRING "tmux 1.7"
| #define PACKAGE_BUGREPORT ""
| #define PACKAGE_URL ""
| #define PACKAGE "tmux"
| #define VERSION "1.7"
| #define STDC_HEADERS 1
| #define HAVE_SYS_TYPES_H 1
| #define HAVE_SYS_STAT_H 1
| #define HAVE_STDLIB_H 1
| #define HAVE_STRING_H 1
| #define HAVE_MEMORY_H 1
| #define HAVE_STRINGS_H 1
| #define HAVE_INTTYPES_H 1
| #define HAVE_STDINT_H 1
| #define HAVE_UNISTD_H 1
| #define HAVE_CURSES_H 1
| #define HAVE_DIRENT_H 1
| #define HAVE_FCNTL_H 1
| #define HAVE_INTTYPES_H 1
| #define HAVE_NCURSES_H 1
| #define HAVE_PATHS_H 1
| #define HAVE_PTY_H 1
| #define HAVE_STDINT_H 1
| #define HAVE_SYS_DIR_H 1
| #define HAVE_TERM_H 1
| #define HAVE_B64_NTOP 1
| /* end confdefs.h.  */
| 
| /* Override any GCC internal prototype to avoid an error.
|    Use char because int might match the return type of a GCC
|    builtin and then its argument prototype would still apply.  */
| #ifdef __cplusplus
| extern "C"
| #endif
| char socket ();
| int
| main ()
| {
| return socket ();
|   ;
|   return 0;
| }
configure:5168: result: no
configure:5183: checking for CMSG_DATA
configure:5203: result: yes
configure:5239: checking for library containing imsg_init
configure:5270: gcc -o conftest      conftest.c -lcurses -levent   -lrt  -lresolv >&5
/tmp/ccxet1TI.o: In function `main':
conftest.c:(.text+0xa): undefined reference to `imsg_init'
collect2: error: ld returned 1 exit status
configure:5270: $? = 1
configure: failed program was:
| /* confdefs.h */
| #define PACKAGE_NAME "tmux"
| #define PACKAGE_TARNAME "tmux"
| #define PACKAGE_VERSION "1.7"
| #define PACKAGE_STRING "tmux 1.7"
| #define PACKAGE_BUGREPORT ""
| #define PACKAGE_URL ""
| #define PACKAGE "tmux"
| #define VERSION "1.7"
| #define STDC_HEADERS 1
| #define HAVE_SYS_TYPES_H 1
| #define HAVE_SYS_STAT_H 1
| #define HAVE_STDLIB_H 1
| #define HAVE_STRING_H 1
| #define HAVE_MEMORY_H 1
| #define HAVE_STRINGS_H 1
| #define HAVE_INTTYPES_H 1
| #define HAVE_STDINT_H 1
| #define HAVE_UNISTD_H 1
| #define HAVE_CURSES_H 1
| #define HAVE_DIRENT_H 1
| #define HAVE_FCNTL_H 1
| #define HAVE_INTTYPES_H 1
| #define HAVE_NCURSES_H 1
| #define HAVE_PATHS_H 1
| #define HAVE_PTY_H 1
| #define HAVE_STDINT_H 1
| #define HAVE_SYS_DIR_H 1
| #define HAVE_TERM_H 1
| #define HAVE_B64_NTOP 1
| /* end confdefs.h.  */
| 
| /* Override any GCC internal prototype to avoid an error.
|    Use char because int might match the return type of a GCC
|    builtin and then its argument prototype would still apply.  */
| #ifdef __cplusplus
| extern "C"
| #endif
| char imsg_init ();
| int
| main ()
| {
| return imsg_init ();
|   ;
|   return 0;
| }
configure:5270: gcc -o conftest      conftest.c -lutil  -lcurses -levent   -lrt  -lresolv >&5
/tmp/ccxxywQE.o: In function `main':
conftest.c:(.text+0xa): undefined reference to `imsg_init'
collect2: error: ld returned 1 exit status
configure:5270: $? = 1
configure: failed program was:
| /* confdefs.h */
| #define PACKAGE_NAME "tmux"
| #define PACKAGE_TARNAME "tmux"
| #define PACKAGE_VERSION "1.7"
| #define PACKAGE_STRING "tmux 1.7"
| #define PACKAGE_BUGREPORT ""
| #define PACKAGE_URL ""
| #define PACKAGE "tmux"
| #define VERSION "1.7"
| #define STDC_HEADERS 1
| #define HAVE_SYS_TYPES_H 1
| #define HAVE_SYS_STAT_H 1
| #define HAVE_STDLIB_H 1
| #define HAVE_STRING_H 1
| #define HAVE_MEMORY_H 1
| #define HAVE_STRINGS_H 1
| #define HAVE_INTTYPES_H 1
| #define HAVE_STDINT_H 1
| #define HAVE_UNISTD_H 1
| #define HAVE_CURSES_H 1
| #define HAVE_DIRENT_H 1
| #define HAVE_FCNTL_H 1
| #define HAVE_INTTYPES_H 1
| #define HAVE_NCURSES_H 1
| #define HAVE_PATHS_H 1
| #define HAVE_PTY_H 1
| #define HAVE_STDINT_H 1
| #define HAVE_SYS_DIR_H 1
| #define HAVE_TERM_H 1
| #define HAVE_B64_NTOP 1
| /* end confdefs.h.  */
| 
| /* Override any GCC internal prototype to avoid an error.
|    Use char because int might match the return type of a GCC
|    builtin and then its argument prototype would still apply.  */
| #ifdef __cplusplus
| extern "C"
| #endif
| char imsg_init ();
| int
| main ()
| {
| return imsg_init ();
|   ;
|   return 0;
| }
configure:5287: result: no
configure:5311: checking for library containing forkpty
configure:5342: gcc -o conftest      conftest.c -lcurses -levent   -lrt  -lresolv >&5
/tmp/ccyeCwRO.o: In function `main':
conftest.c:(.text+0xa): undefined reference to `forkpty'
collect2: error: ld returned 1 exit status
configure:5342: $? = 1
configure: failed program was:
| /* confdefs.h */
| #define PACKAGE_NAME "tmux"
| #define PACKAGE_TARNAME "tmux"
| #define PACKAGE_VERSION "1.7"
| #define PACKAGE_STRING "tmux 1.7"
| #define PACKAGE_BUGREPORT ""
| #define PACKAGE_URL ""
| #define PACKAGE "tmux"
| #define VERSION "1.7"
| #define STDC_HEADERS 1
| #define HAVE_SYS_TYPES_H 1
| #define HAVE_SYS_STAT_H 1
| #define HAVE_STDLIB_H 1
| #define HAVE_STRING_H 1
| #define HAVE_MEMORY_H 1
| #define HAVE_STRINGS_H 1
| #define HAVE_INTTYPES_H 1
| #define HAVE_STDINT_H 1
| #define HAVE_UNISTD_H 1
| #define HAVE_CURSES_H 1
| #define HAVE_DIRENT_H 1
| #define HAVE_FCNTL_H 1
| #define HAVE_INTTYPES_H 1
| #define HAVE_NCURSES_H 1
| #define HAVE_PATHS_H 1
| #define HAVE_PTY_H 1
| #define HAVE_STDINT_H 1
| #define HAVE_SYS_DIR_H 1
| #define HAVE_TERM_H 1
| #define HAVE_B64_NTOP 1
| /* end confdefs.h.  */
| 
| /* Override any GCC internal prototype to avoid an error.
|    Use char because int might match the return type of a GCC
|    builtin and then its argument prototype would still apply.  */
| #ifdef __cplusplus
| extern "C"
| #endif
| char forkpty ();
| int
| main ()
| {
| return forkpty ();
|   ;
|   return 0;
| }
configure:5342: gcc -o conftest      conftest.c -lutil  -lcurses -levent   -lrt  -lresolv >&5
configure:5342: $? = 0
configure:5359: result: -lutil
configure:5383: checking for closefrom
configure:5383: gcc -o conftest      conftest.c -lutil -lcurses -levent   -lrt  -lresolv >&5
/tmp/ccMr6AC6.o: In function `main':
conftest.c:(.text+0xa): undefined reference to `closefrom'
collect2: error: ld returned 1 exit status
configure:5383: $? = 1
configure: failed program was:
| /* confdefs.h */
| #define PACKAGE_NAME "tmux"
| #define PACKAGE_TARNAME "tmux"
| #define PACKAGE_VERSION "1.7"
| #define PACKAGE_STRING "tmux 1.7"
| #define PACKAGE_BUGREPORT ""
| #define PACKAGE_URL ""
| #define PACKAGE "tmux"
| #define VERSION "1.7"
| #define STDC_HEADERS 1
| #define HAVE_SYS_TYPES_H 1
| #define HAVE_SYS_STAT_H 1
| #define HAVE_STDLIB_H 1
| #define HAVE_STRING_H 1
| #define HAVE_MEMORY_H 1
| #define HAVE_STRINGS_H 1
| #define HAVE_INTTYPES_H 1
| #define HAVE_STDINT_H 1
| #define HAVE_UNISTD_H 1
| #define HAVE_CURSES_H 1
| #define HAVE_DIRENT_H 1
| #define HAVE_FCNTL_H 1
| #define HAVE_INTTYPES_H 1
| #define HAVE_NCURSES_H 1
| #define HAVE_PATHS_H 1
| #define HAVE_PTY_H 1
| #define HAVE_STDINT_H 1
| #define HAVE_SYS_DIR_H 1
| #define HAVE_TERM_H 1
| #define HAVE_B64_NTOP 1
| #define HAVE_FORKPTY 1
| /* end confdefs.h.  */
| /* Define closefrom to an innocuous variant, in case <limits.h> declares closefrom.
|    For example, HP-UX 11i <limits.h> declares gettimeofday.  */
| #define closefrom innocuous_closefrom
| 
| /* System header to define __stub macros and hopefully few prototypes,
|     which can conflict with char closefrom (); below.
|     Prefer <limits.h> to <assert.h> if __STDC__ is defined, since
|     <limits.h> exists even on freestanding compilers.  */
| 
| #ifdef __STDC__
| # include <limits.h>
| #else
| # include <assert.h>
| #endif
| 
| #undef closefrom
| 
| /* Override any GCC internal prototype to avoid an error.
|    Use char because int might match the return type of a GCC
|    builtin and then its argument prototype would still apply.  */
| #ifdef __cplusplus
| extern "C"
| #endif
| char closefrom ();
| /* The GNU C library defines this for functions which it implements
|     to always fail with ENOSYS.  Some functions are actually named
|     something starting with __ and the normal name is an alias.  */
| #if defined __stub_closefrom || defined __stub___closefrom
| choke me
| #endif
| 
| int
| main ()
| {
| return closefrom ();
|   ;
|   return 0;
| }
configure:5383: result: no
configure:5404: checking for daemon
configure:5404: gcc -o conftest      conftest.c -lutil -lcurses -levent   -lrt  -lresolv >&5
configure:5404: $? = 0
configure:5404: result: yes
configure:5425: checking for setenv
configure:5425: gcc -o conftest      conftest.c -lutil -lcurses -levent   -lrt  -lresolv >&5
configure:5425: $? = 0
configure:5425: result: yes
configure:5446: checking for strlcpy
configure:5446: gcc -o conftest      conftest.c -lutil -lcurses -levent   -lrt  -lresolv >&5
/tmp/cc61jtKP.o: In function `main':
conftest.c:(.text+0xa): undefined reference to `strlcpy'
collect2: error: ld returned 1 exit status
configure:5446: $? = 1
configure: failed program was:
| /* confdefs.h */
| #define PACKAGE_NAME "tmux"
| #define PACKAGE_TARNAME "tmux"
| #define PACKAGE_VERSION "1.7"
| #define PACKAGE_STRING "tmux 1.7"
| #define PACKAGE_BUGREPORT ""
| #define PACKAGE_URL ""
| #define PACKAGE "tmux"
| #define VERSION "1.7"
| #define STDC_HEADERS 1
| #define HAVE_SYS_TYPES_H 1
| #define HAVE_SYS_STAT_H 1
| #define HAVE_STDLIB_H 1
| #define HAVE_STRING_H 1
| #define HAVE_MEMORY_H 1
| #define HAVE_STRINGS_H 1
| #define HAVE_INTTYPES_H 1
| #define HAVE_STDINT_H 1
| #define HAVE_UNISTD_H 1
| #define HAVE_CURSES_H 1
| #define HAVE_DIRENT_H 1
| #define HAVE_FCNTL_H 1
| #define HAVE_INTTYPES_H 1
| #define HAVE_NCURSES_H 1
| #define HAVE_PATHS_H 1
| #define HAVE_PTY_H 1
| #define HAVE_STDINT_H 1
| #define HAVE_SYS_DIR_H 1
| #define HAVE_TERM_H 1
| #define HAVE_B64_NTOP 1
| #define HAVE_FORKPTY 1
| #define HAVE_DAEMON 1
| #define HAVE_SETENV 1
| /* end confdefs.h.  */
| /* Define strlcpy to an innocuous variant, in case <limits.h> declares strlcpy.
|    For example, HP-UX 11i <limits.h> declares gettimeofday.  */
| #define strlcpy innocuous_strlcpy
| 
| /* System header to define __stub macros and hopefully few prototypes,
|     which can conflict with char strlcpy (); below.
|     Prefer <limits.h> to <assert.h> if __STDC__ is defined, since
|     <limits.h> exists even on freestanding compilers.  */
| 
| #ifdef __STDC__
| # include <limits.h>
| #else
| # include <assert.h>
| #endif
| 
| #undef strlcpy
| 
| /* Override any GCC internal prototype to avoid an error.
|    Use char because int might match the return type of a GCC
|    builtin and then its argument prototype would still apply.  */
| #ifdef __cplusplus
| extern "C"
| #endif
| char strlcpy ();
| /* The GNU C library defines this for functions which it implements
|     to always fail with ENOSYS.  Some functions are actually named
|     something starting with __ and the normal name is an alias.  */
| #if defined __stub_strlcpy || defined __stub___strlcpy
| choke me
| #endif
| 
| int
| main ()
| {
| return strlcpy ();
|   ;
|   return 0;
| }
configure:5446: result: no
configure:5467: checking for strlcat
configure:5467: gcc -o conftest      conftest.c -lutil -lcurses -levent   -lrt  -lresolv >&5
/tmp/ccLUrANU.o: In function `main':
conftest.c:(.text+0xa): undefined reference to `strlcat'
collect2: error: ld returned 1 exit status
configure:5467: $? = 1
configure: failed program was:
| /* confdefs.h */
| #define PACKAGE_NAME "tmux"
| #define PACKAGE_TARNAME "tmux"
| #define PACKAGE_VERSION "1.7"
| #define PACKAGE_STRING "tmux 1.7"
| #define PACKAGE_BUGREPORT ""
| #define PACKAGE_URL ""
| #define PACKAGE "tmux"
| #define VERSION "1.7"
| #define STDC_HEADERS 1
| #define HAVE_SYS_TYPES_H 1
| #define HAVE_SYS_STAT_H 1
| #define HAVE_STDLIB_H 1
| #define HAVE_STRING_H 1
| #define HAVE_MEMORY_H 1
| #define HAVE_STRINGS_H 1
| #define HAVE_INTTYPES_H 1
| #define HAVE_STDINT_H 1
| #define HAVE_UNISTD_H 1
| #define HAVE_CURSES_H 1
| #define HAVE_DIRENT_H 1
| #define HAVE_FCNTL_H 1
| #define HAVE_INTTYPES_H 1
| #define HAVE_NCURSES_H 1
| #define HAVE_PATHS_H 1
| #define HAVE_PTY_H 1
| #define HAVE_STDINT_H 1
| #define HAVE_SYS_DIR_H 1
| #define HAVE_TERM_H 1
| #define HAVE_B64_NTOP 1
| #define HAVE_FORKPTY 1
| #define HAVE_DAEMON 1
| #define HAVE_SETENV 1
| /* end confdefs.h.  */
| /* Define strlcat to an innocuous variant, in case <limits.h> declares strlcat.
|    For example, HP-UX 11i <limits.h> declares gettimeofday.  */
| #define strlcat innocuous_strlcat
| 
| /* System header to define __stub macros and hopefully few prototypes,
|     which can conflict with char strlcat (); below.
|     Prefer <limits.h> to <assert.h> if __STDC__ is defined, since
|     <limits.h> exists even on freestanding compilers.  */
| 
| #ifdef __STDC__
| # include <limits.h>
| #else
| # include <assert.h>
| #endif
| 
| #undef strlcat
| 
| /* Override any GCC internal prototype to avoid an error.
|    Use char because int might match the return type of a GCC
|    builtin and then its argument prototype would still apply.  */
| #ifdef __cplusplus
| extern "C"
| #endif
| char strlcat ();
| /* The GNU C library defines this for functions which it implements
|     to always fail with ENOSYS.  Some functions are actually named
|     something starting with __ and the normal name is an alias.  */
| #if defined __stub_strlcat || defined __stub___strlcat
| choke me
| #endif
| 
| int
| main ()
| {
| return strlcat ();
|   ;
|   return 0;
| }
configure:5467: result: no
configure:5488: checking for asprintf
configure:5488: gcc -o conftest      conftest.c -lutil -lcurses -levent   -lrt  -lresolv >&5
configure:5488: $? = 0
configure:5488: result: yes
configure:5509: checking for fgetln
configure:5509: gcc -o conftest      conftest.c -lutil -lcurses -levent   -lrt  -lresolv >&5
/tmp/ccfEYW68.o: In function `main':
conftest.c:(.text+0xa): undefined reference to `fgetln'
collect2: error: ld returned 1 exit status
configure:5509: $? = 1
configure: failed program was:
| /* confdefs.h */
| #define PACKAGE_NAME "tmux"
| #define PACKAGE_TARNAME "tmux"
| #define PACKAGE_VERSION "1.7"
| #define PACKAGE_STRING "tmux 1.7"
| #define PACKAGE_BUGREPORT ""
| #define PACKAGE_URL ""
| #define PACKAGE "tmux"
| #define VERSION "1.7"
| #define STDC_HEADERS 1
| #define HAVE_SYS_TYPES_H 1
| #define HAVE_SYS_STAT_H 1
| #define HAVE_STDLIB_H 1
| #define HAVE_STRING_H 1
| #define HAVE_MEMORY_H 1
| #define HAVE_STRINGS_H 1
| #define HAVE_INTTYPES_H 1
| #define HAVE_STDINT_H 1
| #define HAVE_UNISTD_H 1
| #define HAVE_CURSES_H 1
| #define HAVE_DIRENT_H 1
| #define HAVE_FCNTL_H 1
| #define HAVE_INTTYPES_H 1
| #define HAVE_NCURSES_H 1
| #define HAVE_PATHS_H 1
| #define HAVE_PTY_H 1
| #define HAVE_STDINT_H 1
| #define HAVE_SYS_DIR_H 1
| #define HAVE_TERM_H 1
| #define HAVE_B64_NTOP 1
| #define HAVE_FORKPTY 1
| #define HAVE_DAEMON 1
| #define HAVE_SETENV 1
| #define HAVE_ASPRINTF 1
| /* end confdefs.h.  */
| /* Define fgetln to an innocuous variant, in case <limits.h> declares fgetln.
|    For example, HP-UX 11i <limits.h> declares gettimeofday.  */
| #define fgetln innocuous_fgetln
| 
| /* System header to define __stub macros and hopefully few prototypes,
|     which can conflict with char fgetln (); below.
|     Prefer <limits.h> to <assert.h> if __STDC__ is defined, since
|     <limits.h> exists even on freestanding compilers.  */
| 
| #ifdef __STDC__
| # include <limits.h>
| #else
| # include <assert.h>
| #endif
| 
| #undef fgetln
| 
| /* Override any GCC internal prototype to avoid an error.
|    Use char because int might match the return type of a GCC
|    builtin and then its argument prototype would still apply.  */
| #ifdef __cplusplus
| extern "C"
| #endif
| char fgetln ();
| /* The GNU C library defines this for functions which it implements
|     to always fail with ENOSYS.  Some functions are actually named
|     something starting with __ and the normal name is an alias.  */
| #if defined __stub_fgetln || defined __stub___fgetln
| choke me
| #endif
| 
| int
| main ()
| {
| return fgetln ();
|   ;
|   return 0;
| }
configure:5509: result: no
configure:5530: checking for strcasestr
configure:5530: gcc -o conftest      conftest.c -lutil -lcurses -levent   -lrt  -lresolv >&5
configure:5530: $? = 0
configure:5530: result: yes
configure:5551: checking for strsep
configure:5551: gcc -o conftest      conftest.c -lutil -lcurses -levent   -lrt  -lresolv >&5
configure:5551: $? = 0
configure:5551: result: yes
configure:5572: checking for strtonum
configure:5572: gcc -o conftest      conftest.c -lutil -lcurses -levent   -lrt  -lresolv >&5
/tmp/ccdRIc5x.o: In function `main':
conftest.c:(.text+0xa): undefined reference to `strtonum'
collect2: error: ld returned 1 exit status
configure:5572: $? = 1
configure: failed program was:
| /* confdefs.h */
| #define PACKAGE_NAME "tmux"
| #define PACKAGE_TARNAME "tmux"
| #define PACKAGE_VERSION "1.7"
| #define PACKAGE_STRING "tmux 1.7"
| #define PACKAGE_BUGREPORT ""
| #define PACKAGE_URL ""
| #define PACKAGE "tmux"
| #define VERSION "1.7"
| #define STDC_HEADERS 1
| #define HAVE_SYS_TYPES_H 1
| #define HAVE_SYS_STAT_H 1
| #define HAVE_STDLIB_H 1
| #define HAVE_STRING_H 1
| #define HAVE_MEMORY_H 1
| #define HAVE_STRINGS_H 1
| #define HAVE_INTTYPES_H 1
| #define HAVE_STDINT_H 1
| #define HAVE_UNISTD_H 1
| #define HAVE_CURSES_H 1
| #define HAVE_DIRENT_H 1
| #define HAVE_FCNTL_H 1
| #define HAVE_INTTYPES_H 1
| #define HAVE_NCURSES_H 1
| #define HAVE_PATHS_H 1
| #define HAVE_PTY_H 1
| #define HAVE_STDINT_H 1
| #define HAVE_SYS_DIR_H 1
| #define HAVE_TERM_H 1
| #define HAVE_B64_NTOP 1
| #define HAVE_FORKPTY 1
| #define HAVE_DAEMON 1
| #define HAVE_SETENV 1
| #define HAVE_ASPRINTF 1
| #define HAVE_STRCASESTR 1
| #define HAVE_STRSEP 1
| /* end confdefs.h.  */
| /* Define strtonum to an innocuous variant, in case <limits.h> declares strtonum.
|    For example, HP-UX 11i <limits.h> declares gettimeofday.  */
| #define strtonum innocuous_strtonum
| 
| /* System header to define __stub macros and hopefully few prototypes,
|     which can conflict with char strtonum (); below.
|     Prefer <limits.h> to <assert.h> if __STDC__ is defined, since
|     <limits.h> exists even on freestanding compilers.  */
| 
| #ifdef __STDC__
| # include <limits.h>
| #else
| # include <assert.h>
| #endif
| 
| #undef strtonum
| 
| /* Override any GCC internal prototype to avoid an error.
|    Use char because int might match the return type of a GCC
|    builtin and then its argument prototype would still apply.  */
| #ifdef __cplusplus
| extern "C"
| #endif
| char strtonum ();
| /* The GNU C library defines this for functions which it implements
|     to always fail with ENOSYS.  Some functions are actually named
|     something starting with __ and the normal name is an alias.  */
| #if defined __stub_strtonum || defined __stub___strtonum
| choke me
| #endif
| 
| int
| main ()
| {
| return strtonum ();
|   ;
|   return 0;
| }
configure:5572: result: no
configure:5593: checking for strnvis
configure:5593: gcc -o conftest      conftest.c -lutil -lcurses -levent   -lrt  -lresolv >&5
/tmp/ccnoZOhG.o: In function `main':
conftest.c:(.text+0xa): undefined reference to `strnvis'
collect2: error: ld returned 1 exit status
configure:5593: $? = 1
configure: failed program was:
| /* confdefs.h */
| #define PACKAGE_NAME "tmux"
| #define PACKAGE_TARNAME "tmux"
| #define PACKAGE_VERSION "1.7"
| #define PACKAGE_STRING "tmux 1.7"
| #define PACKAGE_BUGREPORT ""
| #define PACKAGE_URL ""
| #define PACKAGE "tmux"
| #define VERSION "1.7"
| #define STDC_HEADERS 1
| #define HAVE_SYS_TYPES_H 1
| #define HAVE_SYS_STAT_H 1
| #define HAVE_STDLIB_H 1
| #define HAVE_STRING_H 1
| #define HAVE_MEMORY_H 1
| #define HAVE_STRINGS_H 1
| #define HAVE_INTTYPES_H 1
| #define HAVE_STDINT_H 1
| #define HAVE_UNISTD_H 1
| #define HAVE_CURSES_H 1
| #define HAVE_DIRENT_H 1
| #define HAVE_FCNTL_H 1
| #define HAVE_INTTYPES_H 1
| #define HAVE_NCURSES_H 1
| #define HAVE_PATHS_H 1
| #define HAVE_PTY_H 1
| #define HAVE_STDINT_H 1
| #define HAVE_SYS_DIR_H 1
| #define HAVE_TERM_H 1
| #define HAVE_B64_NTOP 1
| #define HAVE_FORKPTY 1
| #define HAVE_DAEMON 1
| #define HAVE_SETENV 1
| #define HAVE_ASPRINTF 1
| #define HAVE_STRCASESTR 1
| #define HAVE_STRSEP 1
| /* end confdefs.h.  */
| /* Define strnvis to an innocuous variant, in case <limits.h> declares strnvis.
|    For example, HP-UX 11i <limits.h> declares gettimeofday.  */
| #define strnvis innocuous_strnvis
| 
| /* System header to define __stub macros and hopefully few prototypes,
|     which can conflict with char strnvis (); below.
|     Prefer <limits.h> to <assert.h> if __STDC__ is defined, since
|     <limits.h> exists even on freestanding compilers.  */
| 
| #ifdef __STDC__
| # include <limits.h>
| #else
| # include <assert.h>
| #endif
| 
| #undef strnvis
| 
| /* Override any GCC internal prototype to avoid an error.
|    Use char because int might match the return type of a GCC
|    builtin and then its argument prototype would still apply.  */
| #ifdef __cplusplus
| extern "C"
| #endif
| char strnvis ();
| /* The GNU C library defines this for functions which it implements
|     to always fail with ENOSYS.  Some functions are actually named
|     something starting with __ and the normal name is an alias.  */
| #if defined __stub_strnvis || defined __stub___strnvis
| choke me
| #endif
| 
| int
| main ()
| {
| return strnvis ();
|   ;
|   return 0;
| }
configure:5593: result: no
configure:5615: checking for getopt
configure:5615: gcc -o conftest      conftest.c -lutil -lcurses -levent   -lrt  -lresolv >&5
configure:5615: $? = 0
configure:5615: result: yes
configure:5623: checking whether optarg is declared
configure:5623: gcc -c     conftest.c >&5
configure:5623: $? = 0
configure:5623: result: yes
configure:5642: checking whether optind is declared
configure:5642: gcc -c     conftest.c >&5
configure:5642: $? = 0
configure:5642: result: yes
configure:5661: checking whether optreset is declared
configure:5661: gcc -c     conftest.c >&5
conftest.c: In function 'main':
conftest.c:52:10: error: 'optreset' undeclared (first use in this function)
   (void) optreset;
          ^
conftest.c:52:10: note: each undeclared identifier is reported only once for each function it appears in
configure:5661: $? = 1
configure: failed program was:
| /* confdefs.h */
| #define PACKAGE_NAME "tmux"
| #define PACKAGE_TARNAME "tmux"
| #define PACKAGE_VERSION "1.7"
| #define PACKAGE_STRING "tmux 1.7"
| #define PACKAGE_BUGREPORT ""
| #define PACKAGE_URL ""
| #define PACKAGE "tmux"
| #define VERSION "1.7"
| #define STDC_HEADERS 1
| #define HAVE_SYS_TYPES_H 1
| #define HAVE_SYS_STAT_H 1
| #define HAVE_STDLIB_H 1
| #define HAVE_STRING_H 1
| #define HAVE_MEMORY_H 1
| #define HAVE_STRINGS_H 1
| #define HAVE_INTTYPES_H 1
| #define HAVE_STDINT_H 1
| #define HAVE_UNISTD_H 1
| #define HAVE_CURSES_H 1
| #define HAVE_DIRENT_H 1
| #define HAVE_FCNTL_H 1
| #define HAVE_INTTYPES_H 1
| #define HAVE_NCURSES_H 1
| #define HAVE_PATHS_H 1
| #define HAVE_PTY_H 1
| #define HAVE_STDINT_H 1
| #define HAVE_SYS_DIR_H 1
| #define HAVE_TERM_H 1
| #define HAVE_B64_NTOP 1
| #define HAVE_FORKPTY 1
| #define HAVE_DAEMON 1
| #define HAVE_SETENV 1
| #define HAVE_ASPRINTF 1
| #define HAVE_STRCASESTR 1
| #define HAVE_STRSEP 1
| #define HAVE_DECL_OPTARG 1
| #define HAVE_DECL_OPTIND 1
| /* end confdefs.h.  */
| 
| 			#include <unistd.h>
| 
| 
| 
| int
| main ()
| {
| #ifndef optreset
| #ifdef __cplusplus
|   (void) optreset;
| #else
|   (void) optreset;
| #endif
| #endif
| 
|   ;
|   return 0;
| }
configure:5661: result: no
configure:5715: checking for bzero
configure:5715: gcc -o conftest      conftest.c -lutil -lcurses -levent   -lrt  -lresolv >&5
conftest.c:64:6: warning: conflicting types for built-in function 'bzero' [enabled by default]
 char bzero ();
      ^
configure:5715: $? = 0
configure:5715: result: yes
configure:5715: checking for dirfd
configure:5715: gcc -o conftest      conftest.c -lutil -lcurses -levent   -lrt  -lresolv >&5
configure:5715: $? = 0
configure:5715: result: yes
configure:5715: checking for setproctitle
configure:5715: gcc -o conftest      conftest.c -lutil -lcurses -levent   -lrt  -lresolv >&5
/tmp/ccC3C9xg.o: In function `main':
conftest.c:(.text+0xa): undefined reference to `setproctitle'
collect2: error: ld returned 1 exit status
configure:5715: $? = 1
configure: failed program was:
| /* confdefs.h */
| #define PACKAGE_NAME "tmux"
| #define PACKAGE_TARNAME "tmux"
| #define PACKAGE_VERSION "1.7"
| #define PACKAGE_STRING "tmux 1.7"
| #define PACKAGE_BUGREPORT ""
| #define PACKAGE_URL ""
| #define PACKAGE "tmux"
| #define VERSION "1.7"
| #define STDC_HEADERS 1
| #define HAVE_SYS_TYPES_H 1
| #define HAVE_SYS_STAT_H 1
| #define HAVE_STDLIB_H 1
| #define HAVE_STRING_H 1
| #define HAVE_MEMORY_H 1
| #define HAVE_STRINGS_H 1
| #define HAVE_INTTYPES_H 1
| #define HAVE_STDINT_H 1
| #define HAVE_UNISTD_H 1
| #define HAVE_CURSES_H 1
| #define HAVE_DIRENT_H 1
| #define HAVE_FCNTL_H 1
| #define HAVE_INTTYPES_H 1
| #define HAVE_NCURSES_H 1
| #define HAVE_PATHS_H 1
| #define HAVE_PTY_H 1
| #define HAVE_STDINT_H 1
| #define HAVE_SYS_DIR_H 1
| #define HAVE_TERM_H 1
| #define HAVE_B64_NTOP 1
| #define HAVE_FORKPTY 1
| #define HAVE_DAEMON 1
| #define HAVE_SETENV 1
| #define HAVE_ASPRINTF 1
| #define HAVE_STRCASESTR 1
| #define HAVE_STRSEP 1
| #define HAVE_DECL_OPTARG 1
| #define HAVE_DECL_OPTIND 1
| #define HAVE_DECL_OPTRESET 0
| #define HAVE_BZERO 1
| #define HAVE_DIRFD 1
| /* end confdefs.h.  */
| /* Define setproctitle to an innocuous variant, in case <limits.h> declares setproctitle.
|    For example, HP-UX 11i <limits.h> declares gettimeofday.  */
| #define setproctitle innocuous_setproctitle
| 
| /* System header to define __stub macros and hopefully few prototypes,
|     which can conflict with char setproctitle (); below.
|     Prefer <limits.h> to <assert.h> if __STDC__ is defined, since
|     <limits.h> exists even on freestanding compilers.  */
| 
| #ifdef __STDC__
| # include <limits.h>
| #else
| # include <assert.h>
| #endif
| 
| #undef setproctitle
| 
| /* Override any GCC internal prototype to avoid an error.
|    Use char because int might match the return type of a GCC
|    builtin and then its argument prototype would still apply.  */
| #ifdef __cplusplus
| extern "C"
| #endif
| char setproctitle ();
| /* The GNU C library defines this for functions which it implements
|     to always fail with ENOSYS.  Some functions are actually named
|     something starting with __ and the normal name is an alias.  */
| #if defined __stub_setproctitle || defined __stub___setproctitle
| choke me
| #endif
| 
| int
| main ()
| {
| return setproctitle ();
|   ;
|   return 0;
| }
configure:5715: result: no
configure:5715: checking for sysconf
configure:5715: gcc -o conftest      conftest.c -lutil -lcurses -levent   -lrt  -lresolv >&5
configure:5715: $? = 0
configure:5715: result: yes
configure:5726: checking for BSD-style unsigned types
configure:5741: gcc -c     conftest.c >&5
configure:5741: $? = 0
configure:5743: result: yes
configure:5753: checking whether TAILQ_PREV is declared
configure:5753: gcc -c     conftest.c >&5
configure:5753: $? = 0
configure:5753: result: yes
configure:5762: checking whether TAILQ_REPLACE is declared
configure:5762: gcc -c     conftest.c >&5
conftest.c: In function 'main':
conftest.c:55:10: error: 'TAILQ_REPLACE' undeclared (first use in this function)
   (void) TAILQ_REPLACE;
          ^
conftest.c:55:10: note: each undeclared identifier is reported only once for each function it appears in
configure:5762: $? = 1
configure: failed program was:
| /* confdefs.h */
| #define PACKAGE_NAME "tmux"
| #define PACKAGE_TARNAME "tmux"
| #define PACKAGE_VERSION "1.7"
| #define PACKAGE_STRING "tmux 1.7"
| #define PACKAGE_BUGREPORT ""
| #define PACKAGE_URL ""
| #define PACKAGE "tmux"
| #define VERSION "1.7"
| #define STDC_HEADERS 1
| #define HAVE_SYS_TYPES_H 1
| #define HAVE_SYS_STAT_H 1
| #define HAVE_STDLIB_H 1
| #define HAVE_STRING_H 1
| #define HAVE_MEMORY_H 1
| #define HAVE_STRINGS_H 1
| #define HAVE_INTTYPES_H 1
| #define HAVE_STDINT_H 1
| #define HAVE_UNISTD_H 1
| #define HAVE_CURSES_H 1
| #define HAVE_DIRENT_H 1
| #define HAVE_FCNTL_H 1
| #define HAVE_INTTYPES_H 1
| #define HAVE_NCURSES_H 1
| #define HAVE_PATHS_H 1
| #define HAVE_PTY_H 1
| #define HAVE_STDINT_H 1
| #define HAVE_SYS_DIR_H 1
| #define HAVE_TERM_H 1
| #define HAVE_B64_NTOP 1
| #define HAVE_FORKPTY 1
| #define HAVE_DAEMON 1
| #define HAVE_SETENV 1
| #define HAVE_ASPRINTF 1
| #define HAVE_STRCASESTR 1
| #define HAVE_STRSEP 1
| #define HAVE_DECL_OPTARG 1
| #define HAVE_DECL_OPTIND 1
| #define HAVE_DECL_OPTRESET 0
| #define HAVE_BZERO 1
| #define HAVE_DIRFD 1
| #define HAVE_SYSCONF 1
| #define HAVE_BSD_TYPES 1
| /* end confdefs.h.  */
| #include <sys/queue.h>
| 
| 
| int
| main ()
| {
| #ifndef TAILQ_REPLACE
| #ifdef __cplusplus
|   (void) TAILQ_REPLACE;
| #else
|   (void) TAILQ_REPLACE;
| #endif
| #endif
| 
|   ;
|   return 0;
| }
configure:5762: result: no
configure:5777: checking for __progname
configure:5792: gcc -o conftest      conftest.c -lutil -lcurses -levent   -lrt  -lresolv >&5
configure:5792: $? = 0
configure:5794: result: yes
configure:5805: checking whether F_CLOSEM is declared
configure:5805: gcc -c     conftest.c >&5
conftest.c: In function 'main':
conftest.c:56:10: error: 'F_CLOSEM' undeclared (first use in this function)
   (void) F_CLOSEM;
          ^
conftest.c:56:10: note: each undeclared identifier is reported only once for each function it appears in
configure:5805: $? = 1
configure: failed program was:
| /* confdefs.h */
| #define PACKAGE_NAME "tmux"
| #define PACKAGE_TARNAME "tmux"
| #define PACKAGE_VERSION "1.7"
| #define PACKAGE_STRING "tmux 1.7"
| #define PACKAGE_BUGREPORT ""
| #define PACKAGE_URL ""
| #define PACKAGE "tmux"
| #define VERSION "1.7"
| #define STDC_HEADERS 1
| #define HAVE_SYS_TYPES_H 1
| #define HAVE_SYS_STAT_H 1
| #define HAVE_STDLIB_H 1
| #define HAVE_STRING_H 1
| #define HAVE_MEMORY_H 1
| #define HAVE_STRINGS_H 1
| #define HAVE_INTTYPES_H 1
| #define HAVE_STDINT_H 1
| #define HAVE_UNISTD_H 1
| #define HAVE_CURSES_H 1
| #define HAVE_DIRENT_H 1
| #define HAVE_FCNTL_H 1
| #define HAVE_INTTYPES_H 1
| #define HAVE_NCURSES_H 1
| #define HAVE_PATHS_H 1
| #define HAVE_PTY_H 1
| #define HAVE_STDINT_H 1
| #define HAVE_SYS_DIR_H 1
| #define HAVE_TERM_H 1
| #define HAVE_B64_NTOP 1
| #define HAVE_FORKPTY 1
| #define HAVE_DAEMON 1
| #define HAVE_SETENV 1
| #define HAVE_ASPRINTF 1
| #define HAVE_STRCASESTR 1
| #define HAVE_STRSEP 1
| #define HAVE_DECL_OPTARG 1
| #define HAVE_DECL_OPTIND 1
| #define HAVE_DECL_OPTRESET 0
| #define HAVE_BZERO 1
| #define HAVE_DIRFD 1
| #define HAVE_SYSCONF 1
| #define HAVE_BSD_TYPES 1
| #define HAVE___PROGNAME 1
| /* end confdefs.h.  */
| #include <fcntl.h>
| 
| 
| int
| main ()
| {
| #ifndef F_CLOSEM
| #ifdef __cplusplus
|   (void) F_CLOSEM;
| #else
|   (void) F_CLOSEM;
| #endif
| #endif
| 
|   ;
|   return 0;
| }
configure:5805: result: no
configure:5815: checking for /proc/$$
configure:5820: result: yes
configure:5828: checking platform
configure:5849: result: linux
configure:6260: creating ./config.status

## ---------------------- ##
## Running config.status. ##
## ---------------------- ##

This file was extended by tmux config.status 1.7, which was
generated by GNU Autoconf 2.68.  Invocation command line was

  CONFIG_FILES    = 
  CONFIG_HEADERS  = 
  CONFIG_LINKS    = 
  CONFIG_COMMANDS = 
  $ ./config.status 

on devkao

config.status:862: creating Makefile
config.status:1034: executing depfiles commands

## ---------------- ##
## Cache variables. ##
## ---------------- ##

ac_cv_build=x86_64-unknown-linux-gnu
ac_cv_c_compiler_gnu=yes
ac_cv_env_CC_set=
ac_cv_env_CC_value=
ac_cv_env_CFLAGS_set=
ac_cv_env_CFLAGS_value=
ac_cv_env_CPPFLAGS_set=
ac_cv_env_CPPFLAGS_value=
ac_cv_env_CPP_set=
ac_cv_env_CPP_value=
ac_cv_env_LDFLAGS_set=
ac_cv_env_LDFLAGS_value=
ac_cv_env_LIBEVENT_CFLAGS_set=
ac_cv_env_LIBEVENT_CFLAGS_value=
ac_cv_env_LIBEVENT_LIBS_set=
ac_cv_env_LIBEVENT_LIBS_value=
ac_cv_env_LIBS_set=
ac_cv_env_LIBS_value=
ac_cv_env_PKG_CONFIG_LIBDIR_set=
ac_cv_env_PKG_CONFIG_LIBDIR_value=
ac_cv_env_PKG_CONFIG_PATH_set=
ac_cv_env_PKG_CONFIG_PATH_value=
ac_cv_env_PKG_CONFIG_set=
ac_cv_env_PKG_CONFIG_value=
ac_cv_env_build_alias_set=
ac_cv_env_build_alias_value=
ac_cv_env_host_alias_set=
ac_cv_env_host_alias_value=
ac_cv_env_target_alias_set=
ac_cv_env_target_alias_value=
ac_cv_func_asprintf=yes
ac_cv_func_bzero=yes
ac_cv_func_closefrom=no
ac_cv_func_daemon=yes
ac_cv_func_dirfd=yes
ac_cv_func_fgetln=no
ac_cv_func_getopt=yes
ac_cv_func_setenv=yes
ac_cv_func_setproctitle=no
ac_cv_func_strcasestr=yes
ac_cv_func_strlcat=no
ac_cv_func_strlcpy=no
ac_cv_func_strnvis=no
ac_cv_func_strsep=yes
ac_cv_func_strtonum=no
ac_cv_func_sysconf=yes
ac_cv_have_decl_F_CLOSEM=no
ac_cv_have_decl_TAILQ_PREV=yes
ac_cv_have_decl_TAILQ_REPLACE=no
ac_cv_have_decl_optarg=yes
ac_cv_have_decl_optind=yes
ac_cv_have_decl_optreset=no
ac_cv_header_bitstring_h=no
ac_cv_header_curses_h=yes
ac_cv_header_dirent_h=yes
ac_cv_header_fcntl_h=yes
ac_cv_header_inttypes_h=yes
ac_cv_header_libutil_h=no
ac_cv_header_memory_h=yes
ac_cv_header_ncurses_h=yes
ac_cv_header_ndir_h=no
ac_cv_header_paths_h=yes
ac_cv_header_pty_h=yes
ac_cv_header_stdc=yes
ac_cv_header_stdint_h=yes
ac_cv_header_stdlib_h=yes
ac_cv_header_string_h=yes
ac_cv_header_strings_h=yes
ac_cv_header_sys_dir_h=yes
ac_cv_header_sys_ndir_h=no
ac_cv_header_sys_stat_h=yes
ac_cv_header_sys_tree_h=no
ac_cv_header_sys_types_h=yes
ac_cv_header_term_h=yes
ac_cv_header_unistd_h=yes
ac_cv_header_util_h=no
ac_cv_host=x86_64-unknown-linux-gnu
ac_cv_lib_xnet_socket=no
ac_cv_objext=o
ac_cv_path_EGREP='/bin/grep -E'
ac_cv_path_GREP=/bin/grep
ac_cv_path_ac_pt_PKG_CONFIG=/usr/bin/pkg-config
ac_cv_path_install='/usr/bin/install -c'
ac_cv_path_mkdir=/bin/mkdir
ac_cv_prog_AWK=mawk
ac_cv_prog_CPP='gcc -E'
ac_cv_prog_ac_ct_CC=gcc
ac_cv_prog_cc_c89=
ac_cv_prog_cc_g=yes
ac_cv_prog_cc_gcc_c_o=yes
ac_cv_prog_make_make_set=yes
ac_cv_search_clock_gettime=-lrt
ac_cv_search_forkpty=-lutil
ac_cv_search_imsg_init=no
ac_cv_search_inet_ntoa='none required'
ac_cv_search_setupterm=-lcurses
ac_cv_search_socket='none required'
am_cv_CC_dependencies_compiler_type=gcc3
pkg_cv_LIBEVENT_CFLAGS=' '
pkg_cv_LIBEVENT_LIBS='-levent  '

## ----------------- ##
## Output variables. ##
## ----------------- ##

ACLOCAL='${SHELL} /home/kao/tmux-for-iTerm2-20120203/etc/missing --run aclocal-1.11'
AMDEPBACKSLASH='\'
AMDEP_FALSE='#'
AMDEP_TRUE=''
AMTAR='$${TAR-tar}'
AUTOCONF='${SHELL} /home/kao/tmux-for-iTerm2-20120203/etc/missing --run autoconf'
AUTOHEADER='${SHELL} /home/kao/tmux-for-iTerm2-20120203/etc/missing --run autoheader'
AUTOMAKE='${SHELL} /home/kao/tmux-for-iTerm2-20120203/etc/missing --run automake-1.11'
AWK='mawk'
CC='gcc'
CCDEPMODE='depmode=gcc3'
CFLAGS=''
CPP='gcc -E'
CPPFLAGS='  '
CYGPATH_W='echo'
DEFS='-DPACKAGE_NAME=\"tmux\" -DPACKAGE_TARNAME=\"tmux\" -DPACKAGE_VERSION=\"1.7\" -DPACKAGE_STRING=\"tmux\ 1.7\" -DPACKAGE_BUGREPORT=\"\" -DPACKAGE_URL=\"\" -DPACKAGE=\"tmux\" -DVERSION=\"1.7\" -DSTDC_HEADERS=1 -DHAVE_SYS_TYPES_H=1 -DHAVE_SYS_STAT_H=1 -DHAVE_STDLIB_H=1 -DHAVE_STRING_H=1 -DHAVE_MEMORY_H=1 -DHAVE_STRINGS_H=1 -DHAVE_INTTYPES_H=1 -DHAVE_STDINT_H=1 -DHAVE_UNISTD_H=1 -DHAVE_CURSES_H=1 -DHAVE_DIRENT_H=1 -DHAVE_FCNTL_H=1 -DHAVE_INTTYPES_H=1 -DHAVE_NCURSES_H=1 -DHAVE_PATHS_H=1 -DHAVE_PTY_H=1 -DHAVE_STDINT_H=1 -DHAVE_SYS_DIR_H=1 -DHAVE_TERM_H=1 -DHAVE_B64_NTOP=1 -DHAVE_FORKPTY=1 -DHAVE_DAEMON=1 -DHAVE_SETENV=1 -DHAVE_ASPRINTF=1 -DHAVE_STRCASESTR=1 -DHAVE_STRSEP=1 -DHAVE_DECL_OPTARG=1 -DHAVE_DECL_OPTIND=1 -DHAVE_DECL_OPTRESET=0 -DHAVE_BZERO=1 -DHAVE_DIRFD=1 -DHAVE_SYSCONF=1 -DHAVE_BSD_TYPES=1 -DHAVE___PROGNAME=1 -DHAVE_PROC_PID=1'
DEPDIR='.deps'
ECHO_C=''
ECHO_N='-n'
ECHO_T=''
EGREP='/bin/grep -E'
EXEEXT=''
GREP='/bin/grep'
INSTALL_DATA='${INSTALL} -m 644'
INSTALL_PROGRAM='${INSTALL}'
INSTALL_SCRIPT='${INSTALL}'
INSTALL_STRIP_PROGRAM='$(install_sh) -c -s'
IS_AIX_FALSE=''
IS_AIX_TRUE='#'
IS_DARWIN_FALSE=''
IS_DARWIN_TRUE='#'
IS_DEBUG_FALSE='#'
IS_DEBUG_TRUE=''
IS_DRAGONFLY_FALSE=''
IS_DRAGONFLY_TRUE='#'
IS_FREEBSD_FALSE=''
IS_FREEBSD_TRUE='#'
IS_GCC4_FALSE='#'
IS_GCC4_TRUE=''
IS_GCC_FALSE='#'
IS_GCC_TRUE=''
IS_GLIBC_FALSE='#'
IS_GLIBC_TRUE=''
IS_HPUX_FALSE=''
IS_HPUX_TRUE='#'
IS_LINUX_FALSE='#'
IS_LINUX_TRUE=''
IS_NETBSD_FALSE=''
IS_NETBSD_TRUE='#'
IS_OPENBSD_FALSE=''
IS_OPENBSD_TRUE='#'
IS_SUNCC_FALSE=''
IS_SUNCC_TRUE='#'
IS_SUNOS_FALSE=''
IS_SUNOS_TRUE='#'
IS_UNKNOWN_FALSE=''
IS_UNKNOWN_TRUE='#'
LDFLAGS=''
LIBEVENT_CFLAGS=' '
LIBEVENT_LIBS='-levent  '
LIBOBJS=''
LIBS='-lutil -lcurses -levent   -lrt  -lresolv'
LTLIBOBJS=''
MAKEINFO='${SHELL} /home/kao/tmux-for-iTerm2-20120203/etc/missing --run makeinfo'
MKDIR_P='/bin/mkdir -p'
NO_ASPRINTF_FALSE=''
NO_ASPRINTF_TRUE='#'
NO_B64_NTOP_FALSE=''
NO_B64_NTOP_TRUE='#'
NO_CLOSEFROM_FALSE='#'
NO_CLOSEFROM_TRUE=''
NO_DAEMON_FALSE=''
NO_DAEMON_TRUE='#'
NO_FGETLN_FALSE='#'
NO_FGETLN_TRUE=''
NO_FORKPTY_FALSE=''
NO_FORKPTY_TRUE='#'
NO_GETOPT_FALSE='#'
NO_GETOPT_TRUE=''
NO_IMSG_FALSE='#'
NO_IMSG_TRUE=''
NO_SETENV_FALSE=''
NO_SETENV_TRUE='#'
NO_STRCASESTR_FALSE=''
NO_STRCASESTR_TRUE='#'
NO_STRLCAT_FALSE='#'
NO_STRLCAT_TRUE=''
NO_STRLCPY_FALSE='#'
NO_STRLCPY_TRUE=''
NO_STRSEP_FALSE=''
NO_STRSEP_TRUE='#'
NO_STRTONUM_FALSE='#'
NO_STRTONUM_TRUE=''
NO_VIS_FALSE='#'
NO_VIS_TRUE=''
OBJEXT='o'
PACKAGE='tmux'
PACKAGE_BUGREPORT=''
PACKAGE_NAME='tmux'
PACKAGE_STRING='tmux 1.7'
PACKAGE_TARNAME='tmux'
PACKAGE_URL=''
PACKAGE_VERSION='1.7'
PATH_SEPARATOR=':'
PKG_CONFIG='/usr/bin/pkg-config'
PKG_CONFIG_LIBDIR=''
PKG_CONFIG_PATH=''
PLATFORM='linux'
SET_MAKE=''
SHELL='/bin/bash'
STRIP=''
VERSION='1.7'
XOPEN_DEFINES=''
ac_ct_CC='gcc'
am__EXEEXT_FALSE=''
am__EXEEXT_TRUE='#'
am__fastdepCC_FALSE='#'
am__fastdepCC_TRUE=''
am__include='include'
am__isrc=''
am__leading_dot='.'
am__nodep='_no'
am__quote=''
am__tar='$${TAR-tar} chof - "$$tardir"'
am__untar='$${TAR-tar} xf -'
bindir='${exec_prefix}/bin'
build='x86_64-unknown-linux-gnu'
build_alias=''
build_cpu='x86_64'
build_os='linux-gnu'
build_vendor='unknown'
datadir='${datarootdir}'
datarootdir='${prefix}/share'
docdir='${datarootdir}/doc/${PACKAGE_TARNAME}'
dvidir='${docdir}'
exec_prefix='${prefix}'
host='x86_64-unknown-linux-gnu'
host_alias=''
host_cpu='x86_64'
host_os='linux-gnu'
host_vendor='unknown'
htmldir='${docdir}'
includedir='${prefix}/include'
infodir='${datarootdir}/info'
install_sh='${SHELL} /home/kao/tmux-for-iTerm2-20120203/etc/install-sh'
libdir='${exec_prefix}/lib'
libexecdir='${exec_prefix}/libexec'
localedir='${datarootdir}/locale'
localstatedir='${prefix}/var'
mandir='${datarootdir}/man'
mkdir_p='/bin/mkdir -p'
oldincludedir='/usr/include'
pdfdir='${docdir}'
prefix='/usr/local'
program_transform_name='s,x,x,'
psdir='${docdir}'
sbindir='${exec_prefix}/sbin'
sharedstatedir='${prefix}/com'
sysconfdir='${prefix}/etc'
target_alias=''

## ----------- ##
## confdefs.h. ##
## ----------- ##

/* confdefs.h */
#define PACKAGE_NAME "tmux"
#define PACKAGE_TARNAME "tmux"
#define PACKAGE_VERSION "1.7"
#define PACKAGE_STRING "tmux 1.7"
#define PACKAGE_BUGREPORT ""
#define PACKAGE_URL ""
#define PACKAGE "tmux"
#define VERSION "1.7"
#define STDC_HEADERS 1
#define HAVE_SYS_TYPES_H 1
#define HAVE_SYS_STAT_H 1
#define HAVE_STDLIB_H 1
#define HAVE_STRING_H 1
#define HAVE_MEMORY_H 1
#define HAVE_STRINGS_H 1
#define HAVE_INTTYPES_H 1
#define HAVE_STDINT_H 1
#define HAVE_UNISTD_H 1
#define HAVE_CURSES_H 1
#define HAVE_DIRENT_H 1
#define HAVE_FCNTL_H 1
#define HAVE_INTTYPES_H 1
#define HAVE_NCURSES_H 1
#define HAVE_PATHS_H 1
#define HAVE_PTY_H 1
#define HAVE_STDINT_H 1
#define HAVE_SYS_DIR_H 1
#define HAVE_TERM_H 1
#define HAVE_B64_NTOP 1
#define HAVE_FORKPTY 1
#define HAVE_DAEMON 1
#define HAVE_SETENV 1
#define HAVE_ASPRINTF 1
#define HAVE_STRCASESTR 1
#define HAVE_STRSEP 1
#define HAVE_DECL_OPTARG 1
#define HAVE_DECL_OPTIND 1
#define HAVE_DECL_OPTRESET 0
#define HAVE_BZERO 1
#define HAVE_DIRFD 1
#define HAVE_SYSCONF 1
#define HAVE_BSD_TYPES 1
#define HAVE___PROGNAME 1
#define HAVE_PROC_PID 1

configure: exit 0
